<?xml version="1.0" encoding="UTF-8"?>
<coverage generated="1610142212">
  <project timestamp="1610142212">
    <file name="C:\Users\Lennar\Desktop\Stuff\Isiklik\PHP\estonianpin\src\EstonianPIN.php">
      <class name="Lkallas\Estonianpin\EstonianPIN" namespace="global">
        <metrics complexity="39" methods="15" coveredmethods="15" conditionals="0" coveredconditionals="0" statements="74" coveredstatements="74" elements="89" coveredelements="89"/>
      </class>
      <line num="28" type="method" name="getGender" visibility="public" complexity="3" crap="3" count="2"/>
      <line num="29" type="stmt" count="2"/>
      <line num="30" type="stmt" count="1"/>
      <line num="33" type="stmt" count="1"/>
      <line num="34" type="stmt" count="1"/>
      <line num="45" type="method" name="getBirthCentury" visibility="public" complexity="7" crap="7" count="2"/>
      <line num="46" type="stmt" count="2"/>
      <line num="47" type="stmt" count="1"/>
      <line num="50" type="stmt" count="1"/>
      <line num="51" type="stmt" count="1"/>
      <line num="53" type="stmt" count="1"/>
      <line num="54" type="stmt" count="1"/>
      <line num="55" type="stmt" count="1"/>
      <line num="56" type="stmt" count="1"/>
      <line num="57" type="stmt" count="1"/>
      <line num="58" type="stmt" count="1"/>
      <line num="60" type="stmt" count="1"/>
      <line num="71" type="method" name="getYearOfBirth" visibility="public" complexity="2" crap="2" count="2"/>
      <line num="72" type="stmt" count="2"/>
      <line num="73" type="stmt" count="1"/>
      <line num="75" type="stmt" count="1"/>
      <line num="76" type="stmt" count="1"/>
      <line num="77" type="stmt" count="1"/>
      <line num="88" type="method" name="getMonthOfBirth" visibility="public" complexity="2" crap="2" count="2"/>
      <line num="89" type="stmt" count="2"/>
      <line num="90" type="stmt" count="1"/>
      <line num="92" type="stmt" count="1"/>
      <line num="103" type="method" name="getDayOfBirth" visibility="public" complexity="2" crap="2" count="2"/>
      <line num="104" type="stmt" count="2"/>
      <line num="105" type="stmt" count="1"/>
      <line num="107" type="stmt" count="1"/>
      <line num="124" type="method" name="getSerialNumber" visibility="public" complexity="2" crap="2" count="2"/>
      <line num="125" type="stmt" count="2"/>
      <line num="126" type="stmt" count="1"/>
      <line num="128" type="stmt" count="1"/>
      <line num="139" type="method" name="getBirthDateAsDatetimeObj" visibility="public" complexity="2" crap="2" count="2"/>
      <line num="140" type="stmt" count="2"/>
      <line num="141" type="stmt" count="1"/>
      <line num="144" type="stmt" count="1"/>
      <line num="145" type="stmt" count="1"/>
      <line num="148" type="stmt" count="1"/>
      <line num="160" type="method" name="getCurrentAgeByPIN" visibility="public" complexity="2" crap="2" count="2"/>
      <line num="161" type="stmt" count="2"/>
      <line num="162" type="stmt" count="1"/>
      <line num="165" type="stmt" count="1"/>
      <line num="166" type="stmt" count="1"/>
      <line num="167" type="stmt" count="1"/>
      <line num="170" type="method" name="getCurrentAgeInYearsByPIN" visibility="public" complexity="2" crap="2" count="2"/>
      <line num="171" type="stmt" count="2"/>
      <line num="172" type="stmt" count="1"/>
      <line num="175" type="stmt" count="1"/>
      <line num="188" type="method" name="isValidatedByRegex" visibility="public" complexity="2" crap="2" count="1"/>
      <line num="189" type="stmt" count="1"/>
      <line num="200" type="method" name="validate" visibility="public" complexity="2" crap="2" count="1"/>
      <line num="202" type="stmt" count="1"/>
      <line num="203" type="stmt" count="1"/>
      <line num="204" type="stmt" count="1"/>
      <line num="219" type="method" name="validateWithExceptions" visibility="public" complexity="4" crap="4" count="4"/>
      <line num="221" type="stmt" count="4"/>
      <line num="222" type="stmt" count="1"/>
      <line num="223" type="stmt" count="1"/>
      <line num="228" type="stmt" count="3"/>
      <line num="229" type="stmt" count="1"/>
      <line num="233" type="stmt" count="2"/>
      <line num="234" type="stmt" count="2"/>
      <line num="236" type="stmt" count="2"/>
      <line num="237" type="stmt" count="1"/>
      <line num="238" type="stmt" count="1"/>
      <line num="242" type="stmt" count="1"/>
      <line num="251" type="method" name="calculateCheckSum" visibility="public" complexity="2" crap="2" count="1"/>
      <line num="252" type="stmt" count="1"/>
      <line num="255" type="stmt" count="1"/>
      <line num="256" type="stmt" count="1"/>
      <line num="259" type="stmt" count="1"/>
      <line num="274" type="method" name="calculateCheckSumStageI" visibility="public" complexity="2" crap="2" count="1"/>
      <line num="275" type="stmt" count="1"/>
      <line num="276" type="stmt" count="1"/>
      <line num="277" type="stmt" count="1"/>
      <line num="278" type="stmt" count="1"/>
      <line num="279" type="stmt" count="1"/>
      <line num="282" type="stmt" count="1"/>
      <line num="299" type="method" name="calculateCheckSumStageII" visibility="public" complexity="3" crap="3" count="1"/>
      <line num="300" type="stmt" count="1"/>
      <line num="301" type="stmt" count="1"/>
      <line num="302" type="stmt" count="1"/>
      <line num="303" type="stmt" count="1"/>
      <line num="304" type="stmt" count="1"/>
      <line num="307" type="stmt" count="1"/>
      <line num="309" type="stmt" count="1"/>
      <metrics loc="312" ncloc="175" classes="1" methods="15" coveredmethods="15" conditionals="0" coveredconditionals="0" statements="74" coveredstatements="74" elements="89" coveredelements="89"/>
    </file>
    <file name="C:\Users\Lennar\Desktop\Stuff\Isiklik\PHP\estonianpin\src\Exceptions\InvalidCheckSumException.php">
      <class name="Lkallas\Estonianpin\Exceptions\InvalidCheckSumException" namespace="global">
        <metrics complexity="0" methods="0" coveredmethods="0" conditionals="0" coveredconditionals="0" statements="0" coveredstatements="0" elements="0" coveredelements="0"/>
      </class>
      <metrics loc="12" ncloc="7" classes="0" methods="0" coveredmethods="0" conditionals="0" coveredconditionals="0" statements="0" coveredstatements="0" elements="0" coveredelements="0"/>
    </file>
    <file name="C:\Users\Lennar\Desktop\Stuff\Isiklik\PHP\estonianpin\src\Exceptions\InvalidDateException.php">
      <class name="Lkallas\Estonianpin\Exceptions\InvalidDateException" namespace="global">
        <metrics complexity="0" methods="0" coveredmethods="0" conditionals="0" coveredconditionals="0" statements="0" coveredstatements="0" elements="0" coveredelements="0"/>
      </class>
      <metrics loc="12" ncloc="7" classes="0" methods="0" coveredmethods="0" conditionals="0" coveredconditionals="0" statements="0" coveredstatements="0" elements="0" coveredelements="0"/>
    </file>
    <file name="C:\Users\Lennar\Desktop\Stuff\Isiklik\PHP\estonianpin\src\Exceptions\InvalidPersonalIdentificationNrException.php">
      <class name="Lkallas\Estonianpin\Exceptions\InvalidPersonalIdentificationNrException" namespace="global">
        <metrics complexity="0" methods="0" coveredmethods="0" conditionals="0" coveredconditionals="0" statements="0" coveredstatements="0" elements="0" coveredelements="0"/>
      </class>
      <metrics loc="12" ncloc="7" classes="0" methods="0" coveredmethods="0" conditionals="0" coveredconditionals="0" statements="0" coveredstatements="0" elements="0" coveredelements="0"/>
    </file>
    <file name="C:\Users\Lennar\Desktop\Stuff\Isiklik\PHP\estonianpin\src\Utils\Utils.php">
      <class name="Lkallas\Estonianpin\Utils\Utils" namespace="global">
        <metrics complexity="35" methods="12" coveredmethods="12" conditionals="0" coveredconditionals="0" statements="83" coveredstatements="83" elements="95" coveredelements="95"/>
      </class>
      <line num="43" type="method" name="isUnderAge" visibility="public" complexity="2" crap="2" count="3"/>
      <line num="44" type="stmt" count="3"/>
      <line num="45" type="stmt" count="1"/>
      <line num="48" type="stmt" count="2"/>
      <line num="63" type="method" name="isPensioner" visibility="public" complexity="2" crap="2" count="3"/>
      <line num="64" type="stmt" count="3"/>
      <line num="65" type="stmt" count="1"/>
      <line num="68" type="stmt" count="2"/>
      <line num="78" type="method" name="getPersonDetailsByPINAsArray" visibility="public" complexity="1" crap="1" count="1"/>
      <line num="80" type="stmt" count="1"/>
      <line num="81" type="stmt" count="1"/>
      <line num="82" type="stmt" count="1"/>
      <line num="83" type="stmt" count="1"/>
      <line num="84" type="stmt" count="1"/>
      <line num="98" type="method" name="getGenderAndCenturyIdentificationNumber" visibility="public" complexity="9" crap="9" count="3"/>
      <line num="100" type="stmt" count="3"/>
      <line num="101" type="stmt" count="1"/>
      <line num="104" type="stmt" count="2"/>
      <line num="105" type="stmt" count="1"/>
      <line num="106" type="stmt" count="1"/>
      <line num="110" type="stmt" count="1"/>
      <line num="112" type="stmt" count="1"/>
      <line num="113" type="stmt" count="1"/>
      <line num="114" type="stmt" count="1"/>
      <line num="115" type="stmt" count="1"/>
      <line num="116" type="stmt" count="1"/>
      <line num="118" type="stmt" count="1"/>
      <line num="120" type="stmt" count="1"/>
      <line num="129" type="method" name="getPersonDetailsByPIN" visibility="public" complexity="1" crap="1" count="1"/>
      <line num="130" type="stmt" count="1"/>
      <line num="138" type="method" name="generateRandomMalePIN" visibility="public" complexity="1" crap="1" count="1"/>
      <line num="139" type="stmt" count="1"/>
      <line num="140" type="stmt" count="1"/>
      <line num="141" type="stmt" count="1"/>
      <line num="149" type="method" name="generateRandomFemalePIN" visibility="public" complexity="1" crap="1" count="1"/>
      <line num="150" type="stmt" count="1"/>
      <line num="151" type="stmt" count="1"/>
      <line num="152" type="stmt" count="1"/>
      <line num="160" type="method" name="generateRandomPIN" visibility="public" complexity="2" crap="2" count="1"/>
      <line num="161" type="stmt" count="1"/>
      <line num="162" type="stmt" count="1"/>
      <line num="163" type="stmt" count="1"/>
      <line num="173" type="method" name="generate" visibility="public" complexity="10" crap="10" count="6"/>
      <line num="175" type="stmt" count="6"/>
      <line num="176" type="stmt" count="4"/>
      <line num="179" type="stmt" count="6"/>
      <line num="180" type="stmt" count="1"/>
      <line num="181" type="stmt" count="1"/>
      <line num="185" type="stmt" count="5"/>
      <line num="186" type="stmt" count="5"/>
      <line num="187" type="stmt" count="1"/>
      <line num="188" type="stmt" count="1"/>
      <line num="193" type="stmt" count="4"/>
      <line num="194" type="stmt" count="4"/>
      <line num="195" type="stmt" count="1"/>
      <line num="196" type="stmt" count="1"/>
      <line num="200" type="stmt" count="3"/>
      <line num="201" type="stmt" count="1"/>
      <line num="204" type="stmt" count="2"/>
      <line num="205" type="stmt" count="2"/>
      <line num="206" type="stmt" count="2"/>
      <line num="209" type="stmt" count="2"/>
      <line num="210" type="stmt" count="2"/>
      <line num="211" type="stmt" count="2"/>
      <line num="212" type="stmt" count="2"/>
      <line num="214" type="stmt" count="2"/>
      <line num="216" type="stmt" count="2"/>
      <line num="224" type="method" name="generateValidRandomDate" visibility="public" complexity="1" crap="1" count="1"/>
      <line num="225" type="stmt" count="1"/>
      <line num="233" type="method" name="generateRandomDateArray" visibility="public" complexity="1" crap="1" count="1"/>
      <line num="234" type="stmt" count="1"/>
      <line num="236" type="stmt" count="1"/>
      <line num="237" type="stmt" count="1"/>
      <line num="238" type="stmt" count="1"/>
      <line num="249" type="method" name="getPinsGeneratorForRange" visibility="public" complexity="3" crap="3" count="1"/>
      <line num="250" type="stmt" count="1"/>
      <line num="252" type="stmt" count="1"/>
      <line num="253" type="stmt" count="1"/>
      <line num="254" type="stmt" count="1"/>
      <line num="255" type="stmt" count="1"/>
      <line num="256" type="stmt" count="1"/>
      <line num="257" type="stmt" count="1"/>
      <line num="258" type="stmt" count="1"/>
      <line num="261" type="stmt" count="1"/>
      <line num="262" type="stmt" count="1"/>
      <line num="263" type="stmt" count="1"/>
      <line num="264" type="stmt" count="1"/>
      <line num="265" type="stmt" count="1"/>
      <line num="267" type="stmt" count="1"/>
      <line num="268" type="stmt" count="1"/>
      <line num="270" type="stmt" count="1"/>
      <line num="271" type="stmt" count="1"/>
      <line num="273" type="stmt" count="1"/>
      <line num="275" type="stmt" count="1"/>
      <metrics loc="277" ncloc="179" classes="1" methods="12" coveredmethods="12" conditionals="0" coveredconditionals="0" statements="83" coveredstatements="83" elements="95" coveredelements="95"/>
    </file>
    <metrics files="5" loc="625" ncloc="375" classes="2" methods="27" coveredmethods="27" conditionals="0" coveredconditionals="0" statements="157" coveredstatements="157" elements="184" coveredelements="184"/>
  </project>
</coverage>
